d:\git\userdata\new_cpp\x64\debug\value.h.ifc
d:\git\userdata\new_cpp\x64\debug\value.h.ifc.d.json
d:\git\userdata\new_cpp\x64\debug\value.h.obj
d:\git\userdata\new_cpp\x64\debug\vc143.pdb
d:\git\userdata\new_cpp\x64\debug\vc143.idb
d:\git\userdata\new_cpp\x64\debug\to_std_string.obj
d:\git\userdata\new_cpp\x64\debug\main.obj
d:\git\userdata\new_cpp\x64\debug\new_cpp.exe
d:\git\userdata\new_cpp\x64\debug\new_cpp.ilk
d:\git\userdata\new_cpp\x64\debug\new_cpp.pdb
d:\git\userdata\new_cpp\x64\debug\object.h.module.json
d:\git\userdata\new_cpp\x64\debug\value.h.module.json
d:\git\userdata\new_cpp\x64\debug\object.h.obj
d:\git\userdata\new_cpp\x64\debug\new_cpp.tlog\cl.command.1.tlog
d:\git\userdata\new_cpp\x64\debug\new_cpp.tlog\cl.read.1.tlog
d:\git\userdata\new_cpp\x64\debug\new_cpp.tlog\cl.write.1.tlog
d:\git\userdata\new_cpp\x64\debug\new_cpp.tlog\link.command.1.tlog
d:\git\userdata\new_cpp\x64\debug\new_cpp.tlog\link.read.1.tlog
d:\git\userdata\new_cpp\x64\debug\new_cpp.tlog\link.write.1.tlog
d:\git\userdata\new_cpp\x64\debug\new_cpp_md.tlog\cl.command.1.tlog
d:\git\userdata\new_cpp\x64\debug\new_cpp_md.tlog\microsoft.build.cpptasks.cl.read.1.tlog
d:\git\userdata\new_cpp\x64\debug\new_cpp_md.tlog\microsoft.build.cpptasks.cl.write.1.tlog
